2025-07-30 09:59:35,518 [INFO] [31m[1mWARNING: This is a development server. Do not use it in a production deployment. Use a production WSGI server instead.[0m
 * Running on all addresses (0.0.0.0)
 * Running on http://127.0.0.1:5000
 * Running on http://192.168.0.213:5000
2025-07-30 09:59:35,518 [INFO] [33mPress CTRL+C to quit[0m
2025-07-30 10:02:20,448 [INFO] 127.0.0.1 - - [30/Jul/2025 10:02:20] "GET / HTTP/1.1" 200 -
2025-07-30 10:02:24,031 [INFO] ==============================
2025-07-30 10:02:24,031 [INFO] POSTãƒªã‚¯ã‚¨ã‚¹ãƒˆã‚’å—ä¿¡ã—ã¾ã—ãŸã€‚
2025-07-30 10:02:24,031 [INFO] ãƒ•ã‚©ãƒ¼ãƒ ãƒ‡ãƒ¼ã‚¿: ã‚«ãƒ†ã‚´ãƒª='ã‚°ãƒ©ãƒ•ã‚£ãƒƒã‚¯ãƒœãƒ¼ãƒ‰', çµã‚Šè¾¼ã¿='', ä»¶æ•°=5, åˆ©ç›Šç‡=15%
2025-07-30 10:02:24,031 [INFO] éåŒæœŸæ¯”è¼ƒå‡¦ç†ã‚’å‘¼ã³å‡ºã—ã¾ã™...
2025-07-30 10:02:24,033 [INFO] éåŒæœŸæ¯”è¼ƒå‡¦ç†ã‚’é–‹å§‹ã—ã¾ã™ã€‚
2025-07-30 10:02:24,033 [INFO] scrape_kakaku_com: é–‹å§‹ã€‚ã‚«ãƒ†ã‚´ãƒª='ã‚°ãƒ©ãƒ•ã‚£ãƒƒã‚¯ãƒœãƒ¼ãƒ‰', çµã‚Šè¾¼ã¿=''
2025-07-30 10:02:24,033 [INFO] ä¾¡æ ¼.comæ¤œç´¢é–‹å§‹: URL='https://kakaku.com/pc/videocard/specsearch_0550/'
2025-07-30 10:02:24,309 [INFO] ã“ã‚Œã‹ã‚‰æ¬¡ã®URLã«ã‚¢ã‚¯ã‚»ã‚¹ã—ã¾ã™: https://kakaku.com/pc/videocard/specsearch_0550/
2025-07-30 10:02:24,309 [INFO] 1ãƒšãƒ¼ã‚¸ç›® (0/5ä»¶): https://kakaku.com/pc/videocard/specsearch_0550/
2025-07-30 10:02:34,994 [ERROR] ä¾¡æ ¼.comã®ã‚¹ã‚¯ãƒ¬ã‚¤ãƒ”ãƒ³ã‚°ã§è‡´å‘½çš„ãªã‚¨ãƒ©ãƒ¼ãŒç™ºç”Ÿ: Page.wait_for_selector: Timeout 10000ms exceeded.
Call log:
waiting for locator("table.spec_table") to be visible
Traceback (most recent call last):
  File "D:\Program\kakaku-analyzer\main.py", line 63, in scrape_kakaku_com
    await page.wait_for_selector("table.spec_table", timeout=10000)
  File "D:\Program\kakaku-analyzer\venv\Lib\site-packages\playwright\async_api\_generated.py", line 7831, in wait_for_selector
    await self._impl_obj.wait_for_selector(
  File "D:\Program\kakaku-analyzer\venv\Lib\site-packages\playwright\_impl\_page.py", line 392, in wait_for_selector
    return await self._main_frame.wait_for_selector(**locals_to_params(locals()))
           ^^^^^^^^^^^^^^^^^^^^^^^^^^^^^^^^^^^^^^^^^^^^^^^^^^^^^^^^^^^^^^^^^^^^^^
  File "D:\Program\kakaku-analyzer\venv\Lib\site-packages\playwright\_impl\_frame.py", line 323, in wait_for_selector
    await self._channel.send("waitForSelector", locals_to_params(locals()))
  File "D:\Program\kakaku-analyzer\venv\Lib\site-packages\playwright\_impl\_connection.py", line 59, in send
    return await self._connection.wrap_api_call(
           ^^^^^^^^^^^^^^^^^^^^^^^^^^^^^^^^^^^^^
  File "D:\Program\kakaku-analyzer\venv\Lib\site-packages\playwright\_impl\_connection.py", line 514, in wrap_api_call
    raise rewrite_error(error, f"{parsed_st['apiName']}: {error}") from None
playwright._impl._errors.TimeoutError: Page.wait_for_selector: Timeout 10000ms exceeded.
Call log:
waiting for locator("table.spec_table") to be visible

2025-07-30 10:02:34,998 [INFO] ã‚¨ãƒ©ãƒ¼ç™ºç”Ÿæ™‚ã®ãƒšãƒ¼ã‚¸å†…å®¹ã‚’ 'error_page_kakaku.html' ã«ä¿å­˜ã—ã¾ã—ãŸã€‚
2025-07-30 10:02:35,044 [INFO] ä¾¡æ ¼.comã‹ã‚‰ 0 ä»¶ã®å•†å“æƒ…å ±ã‚’å–å¾—ã—ã¾ã—ãŸã€‚
2025-07-30 10:02:35,045 [INFO] å‡¦ç†ãŒå®Œäº†ã—ã€0 ä»¶ã®çµæœã‚’ãƒ†ãƒ³ãƒ—ãƒ¬ãƒ¼ãƒˆã«æ¸¡ã—ã¾ã™ã€‚
2025-07-30 10:02:35,045 [INFO] 127.0.0.1 - - [30/Jul/2025 10:02:35] "POST / HTTP/1.1" 200 -
2025-07-30 10:04:45,240 [INFO] 127.0.0.1 - - [30/Jul/2025 10:04:45] "GET / HTTP/1.1" 200 -
2025-07-30 10:04:48,124 [INFO] ==============================
2025-07-30 10:04:48,125 [INFO] POSTãƒªã‚¯ã‚¨ã‚¹ãƒˆã‚’å—ä¿¡ã—ã¾ã—ãŸã€‚
2025-07-30 10:04:48,125 [INFO] ãƒ•ã‚©ãƒ¼ãƒ ãƒ‡ãƒ¼ã‚¿: ã‚«ãƒ†ã‚´ãƒª='ã‚°ãƒ©ãƒ•ã‚£ãƒƒã‚¯ãƒœãƒ¼ãƒ‰', çµã‚Šè¾¼ã¿='', ä»¶æ•°=5, åˆ©ç›Šç‡=15%
2025-07-30 10:04:48,125 [INFO] éåŒæœŸæ¯”è¼ƒå‡¦ç†ã‚’å‘¼ã³å‡ºã—ã¾ã™...
2025-07-30 10:04:48,125 [INFO] éåŒæœŸæ¯”è¼ƒå‡¦ç†ã‚’é–‹å§‹ã—ã¾ã™ã€‚
2025-07-30 10:04:48,125 [INFO] scrape_kakaku_com: é–‹å§‹ã€‚ã‚«ãƒ†ã‚´ãƒª='ã‚°ãƒ©ãƒ•ã‚£ãƒƒã‚¯ãƒœãƒ¼ãƒ‰', çµã‚Šè¾¼ã¿=''
2025-07-30 10:04:48,125 [INFO] ä¾¡æ ¼.comæ¤œç´¢é–‹å§‹: URL='https://kakaku.com/pc/videocard/specsearch_0550/'
2025-07-30 10:04:48,416 [INFO] ã“ã‚Œã‹ã‚‰æ¬¡ã®URLã«ã‚¢ã‚¯ã‚»ã‚¹ã—ã¾ã™: https://kakaku.com/pc/videocard/specsearch_0550/
2025-07-30 10:04:48,416 [INFO] 1ãƒšãƒ¼ã‚¸ç›® (0/5ä»¶): https://kakaku.com/pc/videocard/specsearch_0550/
2025-07-30 10:04:59,102 [ERROR] ä¾¡æ ¼.comã®ã‚¹ã‚¯ãƒ¬ã‚¤ãƒ”ãƒ³ã‚°ã§è‡´å‘½çš„ãªã‚¨ãƒ©ãƒ¼ãŒç™ºç”Ÿ: Page.wait_for_selector: Timeout 10000ms exceeded.
Call log:
waiting for locator("table.spec_table") to be visible
Traceback (most recent call last):
  File "D:\Program\kakaku-analyzer\main.py", line 63, in scrape_kakaku_com
    await page.wait_for_selector("table.spec_table", timeout=10000)
  File "D:\Program\kakaku-analyzer\venv\Lib\site-packages\playwright\async_api\_generated.py", line 7831, in wait_for_selector
    await self._impl_obj.wait_for_selector(
  File "D:\Program\kakaku-analyzer\venv\Lib\site-packages\playwright\_impl\_page.py", line 392, in wait_for_selector
    return await self._main_frame.wait_for_selector(**locals_to_params(locals()))
           ^^^^^^^^^^^^^^^^^^^^^^^^^^^^^^^^^^^^^^^^^^^^^^^^^^^^^^^^^^^^^^^^^^^^^^
  File "D:\Program\kakaku-analyzer\venv\Lib\site-packages\playwright\_impl\_frame.py", line 323, in wait_for_selector
    await self._channel.send("waitForSelector", locals_to_params(locals()))
  File "D:\Program\kakaku-analyzer\venv\Lib\site-packages\playwright\_impl\_connection.py", line 59, in send
    return await self._connection.wrap_api_call(
           ^^^^^^^^^^^^^^^^^^^^^^^^^^^^^^^^^^^^^
  File "D:\Program\kakaku-analyzer\venv\Lib\site-packages\playwright\_impl\_connection.py", line 514, in wrap_api_call
    raise rewrite_error(error, f"{parsed_st['apiName']}: {error}") from None
playwright._impl._errors.TimeoutError: Page.wait_for_selector: Timeout 10000ms exceeded.
Call log:
waiting for locator("table.spec_table") to be visible

2025-07-30 10:04:59,105 [INFO] ã‚¨ãƒ©ãƒ¼ç™ºç”Ÿæ™‚ã®ãƒšãƒ¼ã‚¸å†…å®¹ã‚’ 'error_page_kakaku.html' ã«ä¿å­˜ã—ã¾ã—ãŸã€‚
2025-07-30 10:04:59,158 [INFO] ä¾¡æ ¼.comã‹ã‚‰ 0 ä»¶ã®å•†å“æƒ…å ±ã‚’å–å¾—ã—ã¾ã—ãŸã€‚
2025-07-30 10:04:59,158 [INFO] å‡¦ç†ãŒå®Œäº†ã—ã€0 ä»¶ã®çµæœã‚’ãƒ†ãƒ³ãƒ—ãƒ¬ãƒ¼ãƒˆã«æ¸¡ã—ã¾ã™ã€‚
2025-07-30 10:04:59,159 [INFO] 127.0.0.1 - - [30/Jul/2025 10:04:59] "POST / HTTP/1.1" 200 -
2025-07-30 10:05:04,781 [INFO] ==============================
2025-07-30 10:05:04,781 [INFO] POSTãƒªã‚¯ã‚¨ã‚¹ãƒˆã‚’å—ä¿¡ã—ã¾ã—ãŸã€‚
2025-07-30 10:05:04,782 [INFO] ãƒ•ã‚©ãƒ¼ãƒ ãƒ‡ãƒ¼ã‚¿: ã‚«ãƒ†ã‚´ãƒª='ã‚°ãƒ©ãƒ•ã‚£ãƒƒã‚¯ãƒœãƒ¼ãƒ‰', çµã‚Šè¾¼ã¿='5070', ä»¶æ•°=5, åˆ©ç›Šç‡=15%
2025-07-30 10:05:04,782 [INFO] éåŒæœŸæ¯”è¼ƒå‡¦ç†ã‚’å‘¼ã³å‡ºã—ã¾ã™...
2025-07-30 10:05:04,782 [INFO] éåŒæœŸæ¯”è¼ƒå‡¦ç†ã‚’é–‹å§‹ã—ã¾ã™ã€‚
2025-07-30 10:05:04,782 [INFO] scrape_kakaku_com: é–‹å§‹ã€‚ã‚«ãƒ†ã‚´ãƒª='ã‚°ãƒ©ãƒ•ã‚£ãƒƒã‚¯ãƒœãƒ¼ãƒ‰', çµã‚Šè¾¼ã¿='5070'
2025-07-30 10:05:04,782 [INFO] ä¾¡æ ¼.comæ¤œç´¢é–‹å§‹: URL='https://kakaku.com/pc/videocard/specsearch_0550/'
2025-07-30 10:05:05,055 [INFO] ã“ã‚Œã‹ã‚‰æ¬¡ã®URLã«ã‚¢ã‚¯ã‚»ã‚¹ã—ã¾ã™: https://kakaku.com/pc/videocard/specsearch_0550/
2025-07-30 10:05:05,055 [INFO] 1ãƒšãƒ¼ã‚¸ç›® (0/5ä»¶): https://kakaku.com/pc/videocard/specsearch_0550/
2025-07-30 10:05:15,769 [ERROR] ä¾¡æ ¼.comã®ã‚¹ã‚¯ãƒ¬ã‚¤ãƒ”ãƒ³ã‚°ã§è‡´å‘½çš„ãªã‚¨ãƒ©ãƒ¼ãŒç™ºç”Ÿ: Page.wait_for_selector: Timeout 10000ms exceeded.
Call log:
waiting for locator("table.spec_table") to be visible
Traceback (most recent call last):
  File "D:\Program\kakaku-analyzer\main.py", line 63, in scrape_kakaku_com
    await page.wait_for_selector("table.spec_table", timeout=10000)
  File "D:\Program\kakaku-analyzer\venv\Lib\site-packages\playwright\async_api\_generated.py", line 7831, in wait_for_selector
    await self._impl_obj.wait_for_selector(
  File "D:\Program\kakaku-analyzer\venv\Lib\site-packages\playwright\_impl\_page.py", line 392, in wait_for_selector
    return await self._main_frame.wait_for_selector(**locals_to_params(locals()))
           ^^^^^^^^^^^^^^^^^^^^^^^^^^^^^^^^^^^^^^^^^^^^^^^^^^^^^^^^^^^^^^^^^^^^^^
  File "D:\Program\kakaku-analyzer\venv\Lib\site-packages\playwright\_impl\_frame.py", line 323, in wait_for_selector
    await self._channel.send("waitForSelector", locals_to_params(locals()))
  File "D:\Program\kakaku-analyzer\venv\Lib\site-packages\playwright\_impl\_connection.py", line 59, in send
    return await self._connection.wrap_api_call(
           ^^^^^^^^^^^^^^^^^^^^^^^^^^^^^^^^^^^^^
  File "D:\Program\kakaku-analyzer\venv\Lib\site-packages\playwright\_impl\_connection.py", line 514, in wrap_api_call
    raise rewrite_error(error, f"{parsed_st['apiName']}: {error}") from None
playwright._impl._errors.TimeoutError: Page.wait_for_selector: Timeout 10000ms exceeded.
Call log:
waiting for locator("table.spec_table") to be visible

2025-07-30 10:05:15,774 [INFO] ã‚¨ãƒ©ãƒ¼ç™ºç”Ÿæ™‚ã®ãƒšãƒ¼ã‚¸å†…å®¹ã‚’ 'error_page_kakaku.html' ã«ä¿å­˜ã—ã¾ã—ãŸã€‚
2025-07-30 10:05:15,846 [INFO] ä¾¡æ ¼.comã‹ã‚‰ 0 ä»¶ã®å•†å“æƒ…å ±ã‚’å–å¾—ã—ã¾ã—ãŸã€‚
2025-07-30 10:05:15,846 [INFO] å‡¦ç†ãŒå®Œäº†ã—ã€0 ä»¶ã®çµæœã‚’ãƒ†ãƒ³ãƒ—ãƒ¬ãƒ¼ãƒˆã«æ¸¡ã—ã¾ã™ã€‚
2025-07-30 10:05:15,846 [INFO] 127.0.0.1 - - [30/Jul/2025 10:05:15] "POST / HTTP/1.1" 200 -
2025-07-30 10:05:29,599 [INFO] ==============================
2025-07-30 10:05:29,599 [INFO] POSTãƒªã‚¯ã‚¨ã‚¹ãƒˆã‚’å—ä¿¡ã—ã¾ã—ãŸã€‚
2025-07-30 10:05:29,599 [INFO] ãƒ•ã‚©ãƒ¼ãƒ ãƒ‡ãƒ¼ã‚¿: ã‚«ãƒ†ã‚´ãƒª='ã‚°ãƒ©ãƒ•ã‚£ãƒƒã‚¯ãƒœãƒ¼ãƒ‰', çµã‚Šè¾¼ã¿='', ä»¶æ•°=5, åˆ©ç›Šç‡=15%
2025-07-30 10:05:29,599 [INFO] éåŒæœŸæ¯”è¼ƒå‡¦ç†ã‚’å‘¼ã³å‡ºã—ã¾ã™...
2025-07-30 10:05:29,599 [INFO] éåŒæœŸæ¯”è¼ƒå‡¦ç†ã‚’é–‹å§‹ã—ã¾ã™ã€‚
2025-07-30 10:05:29,599 [INFO] scrape_kakaku_com: é–‹å§‹ã€‚ã‚«ãƒ†ã‚´ãƒª='ã‚°ãƒ©ãƒ•ã‚£ãƒƒã‚¯ãƒœãƒ¼ãƒ‰', çµã‚Šè¾¼ã¿=''
2025-07-30 10:05:29,599 [INFO] ä¾¡æ ¼.comæ¤œç´¢é–‹å§‹: URL='https://kakaku.com/pc/videocard/specsearch_0550/'
2025-07-30 10:05:29,874 [INFO] ã“ã‚Œã‹ã‚‰æ¬¡ã®URLã«ã‚¢ã‚¯ã‚»ã‚¹ã—ã¾ã™: https://kakaku.com/pc/videocard/specsearch_0550/
2025-07-30 10:05:29,874 [INFO] 1ãƒšãƒ¼ã‚¸ç›® (0/5ä»¶): https://kakaku.com/pc/videocard/specsearch_0550/
2025-07-30 10:05:40,594 [ERROR] ä¾¡æ ¼.comã®ã‚¹ã‚¯ãƒ¬ã‚¤ãƒ”ãƒ³ã‚°ã§è‡´å‘½çš„ãªã‚¨ãƒ©ãƒ¼ãŒç™ºç”Ÿ: Page.wait_for_selector: Timeout 10000ms exceeded.
Call log:
waiting for locator("table.spec_table") to be visible
Traceback (most recent call last):
  File "D:\Program\kakaku-analyzer\main.py", line 63, in scrape_kakaku_com
    await page.wait_for_selector("table.spec_table", timeout=10000)
  File "D:\Program\kakaku-analyzer\venv\Lib\site-packages\playwright\async_api\_generated.py", line 7831, in wait_for_selector
    await self._impl_obj.wait_for_selector(
  File "D:\Program\kakaku-analyzer\venv\Lib\site-packages\playwright\_impl\_page.py", line 392, in wait_for_selector
    return await self._main_frame.wait_for_selector(**locals_to_params(locals()))
           ^^^^^^^^^^^^^^^^^^^^^^^^^^^^^^^^^^^^^^^^^^^^^^^^^^^^^^^^^^^^^^^^^^^^^^
  File "D:\Program\kakaku-analyzer\venv\Lib\site-packages\playwright\_impl\_frame.py", line 323, in wait_for_selector
    await self._channel.send("waitForSelector", locals_to_params(locals()))
  File "D:\Program\kakaku-analyzer\venv\Lib\site-packages\playwright\_impl\_connection.py", line 59, in send
    return await self._connection.wrap_api_call(
           ^^^^^^^^^^^^^^^^^^^^^^^^^^^^^^^^^^^^^
  File "D:\Program\kakaku-analyzer\venv\Lib\site-packages\playwright\_impl\_connection.py", line 514, in wrap_api_call
    raise rewrite_error(error, f"{parsed_st['apiName']}: {error}") from None
playwright._impl._errors.TimeoutError: Page.wait_for_selector: Timeout 10000ms exceeded.
Call log:
waiting for locator("table.spec_table") to be visible

2025-07-30 10:05:40,599 [INFO] ã‚¨ãƒ©ãƒ¼ç™ºç”Ÿæ™‚ã®ãƒšãƒ¼ã‚¸å†…å®¹ã‚’ 'error_page_kakaku.html' ã«ä¿å­˜ã—ã¾ã—ãŸã€‚
2025-07-30 10:05:40,672 [INFO] ä¾¡æ ¼.comã‹ã‚‰ 0 ä»¶ã®å•†å“æƒ…å ±ã‚’å–å¾—ã—ã¾ã—ãŸã€‚
2025-07-30 10:05:40,673 [INFO] å‡¦ç†ãŒå®Œäº†ã—ã€0 ä»¶ã®çµæœã‚’ãƒ†ãƒ³ãƒ—ãƒ¬ãƒ¼ãƒˆã«æ¸¡ã—ã¾ã™ã€‚
2025-07-30 10:05:40,673 [INFO] 127.0.0.1 - - [30/Jul/2025 10:05:40] "POST / HTTP/1.1" 200 -
2025-07-30 10:14:56,892 [INFO] 127.0.0.1 - - [30/Jul/2025 10:14:56] "GET / HTTP/1.1" 200 -
2025-07-30 10:15:03,737 [INFO] ==============================
2025-07-30 10:15:03,737 [INFO] POSTãƒªã‚¯ã‚¨ã‚¹ãƒˆã‚’å—ä¿¡ã—ã¾ã—ãŸã€‚
2025-07-30 10:15:03,738 [INFO] ãƒ•ã‚©ãƒ¼ãƒ ãƒ‡ãƒ¼ã‚¿: ã‚«ãƒ†ã‚´ãƒª='ã‚°ãƒ©ãƒ•ã‚£ãƒƒã‚¯ãƒœãƒ¼ãƒ‰', çµã‚Šè¾¼ã¿='5070', ä»¶æ•°=5, åˆ©ç›Šç‡=15%
2025-07-30 10:15:03,738 [INFO] éåŒæœŸæ¯”è¼ƒå‡¦ç†ã‚’å‘¼ã³å‡ºã—ã¾ã™...
2025-07-30 10:15:03,738 [INFO] éåŒæœŸæ¯”è¼ƒå‡¦ç†ã‚’é–‹å§‹ã—ã¾ã™ã€‚
2025-07-30 10:15:03,738 [INFO] scrape_kakaku_com: é–‹å§‹ã€‚ã‚«ãƒ†ã‚´ãƒª='ã‚°ãƒ©ãƒ•ã‚£ãƒƒã‚¯ãƒœãƒ¼ãƒ‰', çµã‚Šè¾¼ã¿='5070'
2025-07-30 10:15:03,738 [INFO] ä¾¡æ ¼.comæ¤œç´¢é–‹å§‹: URL='https://kakaku.com/pc/videocard/specsearch_0550/'
2025-07-30 10:15:04,000 [INFO] ã“ã‚Œã‹ã‚‰æ¬¡ã®URLã«ã‚¢ã‚¯ã‚»ã‚¹ã—ã¾ã™: https://kakaku.com/pc/videocard/specsearch_0550/
2025-07-30 10:15:04,000 [INFO] 1ãƒšãƒ¼ã‚¸ç›® (0/5ä»¶): https://kakaku.com/pc/videocard/specsearch_0550/
2025-07-30 10:15:14,710 [ERROR] ä¾¡æ ¼.comã®ã‚¹ã‚¯ãƒ¬ã‚¤ãƒ”ãƒ³ã‚°ã§è‡´å‘½çš„ãªã‚¨ãƒ©ãƒ¼ãŒç™ºç”Ÿ: Page.wait_for_selector: Timeout 10000ms exceeded.
Call log:
waiting for locator("table.spec_table") to be visible
Traceback (most recent call last):
  File "D:\Program\kakaku-analyzer\main.py", line 63, in scrape_kakaku_com
    while current_url and len(results) < limit:
        ^^^^^^^^^^^^^^^^^^^^^^^^^^^^^^^^^^^^^^^^
  File "D:\Program\kakaku-analyzer\venv\Lib\site-packages\playwright\async_api\_generated.py", line 7831, in wait_for_selector
    await self._impl_obj.wait_for_selector(
  File "D:\Program\kakaku-analyzer\venv\Lib\site-packages\playwright\_impl\_page.py", line 392, in wait_for_selector
    return await self._main_frame.wait_for_selector(**locals_to_params(locals()))
           ^^^^^^^^^^^^^^^^^^^^^^^^^^^^^^^^^^^^^^^^^^^^^^^^^^^^^^^^^^^^^^^^^^^^^^
  File "D:\Program\kakaku-analyzer\venv\Lib\site-packages\playwright\_impl\_frame.py", line 323, in wait_for_selector
    await self._channel.send("waitForSelector", locals_to_params(locals()))
  File "D:\Program\kakaku-analyzer\venv\Lib\site-packages\playwright\_impl\_connection.py", line 59, in send
    return await self._connection.wrap_api_call(
           ^^^^^^^^^^^^^^^^^^^^^^^^^^^^^^^^^^^^^
  File "D:\Program\kakaku-analyzer\venv\Lib\site-packages\playwright\_impl\_connection.py", line 514, in wrap_api_call
    raise rewrite_error(error, f"{parsed_st['apiName']}: {error}") from None
playwright._impl._errors.TimeoutError: Page.wait_for_selector: Timeout 10000ms exceeded.
Call log:
waiting for locator("table.spec_table") to be visible

2025-07-30 10:15:14,713 [INFO] ã‚¨ãƒ©ãƒ¼ç™ºç”Ÿæ™‚ã®ãƒšãƒ¼ã‚¸å†…å®¹ã‚’ 'error_page_kakaku.html' ã«ä¿å­˜ã—ã¾ã—ãŸã€‚
2025-07-30 10:15:14,801 [INFO] ä¾¡æ ¼.comã‹ã‚‰ 0 ä»¶ã®å•†å“æƒ…å ±ã‚’å–å¾—ã—ã¾ã—ãŸã€‚
2025-07-30 10:15:14,801 [INFO] å‡¦ç†ãŒå®Œäº†ã—ã€0 ä»¶ã®çµæœã‚’ãƒ†ãƒ³ãƒ—ãƒ¬ãƒ¼ãƒˆã«æ¸¡ã—ã¾ã™ã€‚
2025-07-30 10:15:14,802 [INFO] 127.0.0.1 - - [30/Jul/2025 10:15:14] "POST / HTTP/1.1" 200 -
2025-07-30 10:15:23,285 [INFO] ==============================
2025-07-30 10:15:23,285 [INFO] POSTãƒªã‚¯ã‚¨ã‚¹ãƒˆã‚’å—ä¿¡ã—ã¾ã—ãŸã€‚
2025-07-30 10:15:23,285 [INFO] ãƒ•ã‚©ãƒ¼ãƒ ãƒ‡ãƒ¼ã‚¿: ã‚«ãƒ†ã‚´ãƒª='ãƒã‚¶ãƒ¼ãƒœãƒ¼ãƒ‰', çµã‚Šè¾¼ã¿='Z890', ä»¶æ•°=5, åˆ©ç›Šç‡=15%
2025-07-30 10:15:23,285 [INFO] éåŒæœŸæ¯”è¼ƒå‡¦ç†ã‚’å‘¼ã³å‡ºã—ã¾ã™...
2025-07-30 10:15:23,285 [INFO] éåŒæœŸæ¯”è¼ƒå‡¦ç†ã‚’é–‹å§‹ã—ã¾ã™ã€‚
2025-07-30 10:15:23,286 [INFO] scrape_kakaku_com: é–‹å§‹ã€‚ã‚«ãƒ†ã‚´ãƒª='ãƒã‚¶ãƒ¼ãƒœãƒ¼ãƒ‰', çµã‚Šè¾¼ã¿='Z890'
2025-07-30 10:15:23,286 [INFO] ä¾¡æ ¼.comæ¤œç´¢é–‹å§‹: URL='https://kakaku.com/pc/motherboard/specsearch_0540/'
2025-07-30 10:15:23,540 [INFO] ã“ã‚Œã‹ã‚‰æ¬¡ã®URLã«ã‚¢ã‚¯ã‚»ã‚¹ã—ã¾ã™: https://kakaku.com/pc/motherboard/specsearch_0540/
2025-07-30 10:15:23,540 [INFO] 1ãƒšãƒ¼ã‚¸ç›® (0/5ä»¶): https://kakaku.com/pc/motherboard/specsearch_0540/
2025-07-30 10:15:34,192 [ERROR] ä¾¡æ ¼.comã®ã‚¹ã‚¯ãƒ¬ã‚¤ãƒ”ãƒ³ã‚°ã§è‡´å‘½çš„ãªã‚¨ãƒ©ãƒ¼ãŒç™ºç”Ÿ: Page.wait_for_selector: Timeout 10000ms exceeded.
Call log:
waiting for locator("table.spec_table") to be visible
Traceback (most recent call last):
  File "D:\Program\kakaku-analyzer\main.py", line 63, in scrape_kakaku_com
    while current_url and len(results) < limit:
        ^^^^^^^^^^^^^^^^^^^^^^^^^^^^^^^^^^^^^^^^
  File "D:\Program\kakaku-analyzer\venv\Lib\site-packages\playwright\async_api\_generated.py", line 7831, in wait_for_selector
    await self._impl_obj.wait_for_selector(
  File "D:\Program\kakaku-analyzer\venv\Lib\site-packages\playwright\_impl\_page.py", line 392, in wait_for_selector
    return await self._main_frame.wait_for_selector(**locals_to_params(locals()))
           ^^^^^^^^^^^^^^^^^^^^^^^^^^^^^^^^^^^^^^^^^^^^^^^^^^^^^^^^^^^^^^^^^^^^^^
  File "D:\Program\kakaku-analyzer\venv\Lib\site-packages\playwright\_impl\_frame.py", line 323, in wait_for_selector
    await self._channel.send("waitForSelector", locals_to_params(locals()))
  File "D:\Program\kakaku-analyzer\venv\Lib\site-packages\playwright\_impl\_connection.py", line 59, in send
    return await self._connection.wrap_api_call(
           ^^^^^^^^^^^^^^^^^^^^^^^^^^^^^^^^^^^^^
  File "D:\Program\kakaku-analyzer\venv\Lib\site-packages\playwright\_impl\_connection.py", line 514, in wrap_api_call
    raise rewrite_error(error, f"{parsed_st['apiName']}: {error}") from None
playwright._impl._errors.TimeoutError: Page.wait_for_selector: Timeout 10000ms exceeded.
Call log:
waiting for locator("table.spec_table") to be visible

2025-07-30 10:15:34,196 [INFO] ã‚¨ãƒ©ãƒ¼ç™ºç”Ÿæ™‚ã®ãƒšãƒ¼ã‚¸å†…å®¹ã‚’ 'error_page_kakaku.html' ã«ä¿å­˜ã—ã¾ã—ãŸã€‚
2025-07-30 10:15:34,267 [INFO] ä¾¡æ ¼.comã‹ã‚‰ 0 ä»¶ã®å•†å“æƒ…å ±ã‚’å–å¾—ã—ã¾ã—ãŸã€‚
2025-07-30 10:15:34,267 [INFO] å‡¦ç†ãŒå®Œäº†ã—ã€0 ä»¶ã®çµæœã‚’ãƒ†ãƒ³ãƒ—ãƒ¬ãƒ¼ãƒˆã«æ¸¡ã—ã¾ã™ã€‚
2025-07-30 10:15:34,267 [INFO] 127.0.0.1 - - [30/Jul/2025 10:15:34] "POST / HTTP/1.1" 200 -
2025-07-30 10:15:39,221 [INFO] ==============================
2025-07-30 10:15:39,221 [INFO] POSTãƒªã‚¯ã‚¨ã‚¹ãƒˆã‚’å—ä¿¡ã—ã¾ã—ãŸã€‚
2025-07-30 10:15:39,221 [INFO] ãƒ•ã‚©ãƒ¼ãƒ ãƒ‡ãƒ¼ã‚¿: ã‚«ãƒ†ã‚´ãƒª='ãƒã‚¶ãƒ¼ãƒœãƒ¼ãƒ‰', çµã‚Šè¾¼ã¿='', ä»¶æ•°=5, åˆ©ç›Šç‡=15%
2025-07-30 10:15:39,221 [INFO] éåŒæœŸæ¯”è¼ƒå‡¦ç†ã‚’å‘¼ã³å‡ºã—ã¾ã™...
2025-07-30 10:15:39,221 [INFO] éåŒæœŸæ¯”è¼ƒå‡¦ç†ã‚’é–‹å§‹ã—ã¾ã™ã€‚
2025-07-30 10:15:39,221 [INFO] scrape_kakaku_com: é–‹å§‹ã€‚ã‚«ãƒ†ã‚´ãƒª='ãƒã‚¶ãƒ¼ãƒœãƒ¼ãƒ‰', çµã‚Šè¾¼ã¿=''
2025-07-30 10:15:39,221 [INFO] ä¾¡æ ¼.comæ¤œç´¢é–‹å§‹: URL='https://kakaku.com/pc/motherboard/specsearch_0540/'
2025-07-30 10:15:39,480 [INFO] ã“ã‚Œã‹ã‚‰æ¬¡ã®URLã«ã‚¢ã‚¯ã‚»ã‚¹ã—ã¾ã™: https://kakaku.com/pc/motherboard/specsearch_0540/
2025-07-30 10:15:39,480 [INFO] 1ãƒšãƒ¼ã‚¸ç›® (0/5ä»¶): https://kakaku.com/pc/motherboard/specsearch_0540/
2025-07-30 10:15:50,157 [ERROR] ä¾¡æ ¼.comã®ã‚¹ã‚¯ãƒ¬ã‚¤ãƒ”ãƒ³ã‚°ã§è‡´å‘½çš„ãªã‚¨ãƒ©ãƒ¼ãŒç™ºç”Ÿ: Page.wait_for_selector: Timeout 10000ms exceeded.
Call log:
waiting for locator("table.spec_table") to be visible
Traceback (most recent call last):
  File "D:\Program\kakaku-analyzer\main.py", line 63, in scrape_kakaku_com
    while current_url and len(results) < limit:
        ^^^^^^^^^^^^^^^^^^^^^^^^^^^^^^^^^^^^^^^^
  File "D:\Program\kakaku-analyzer\venv\Lib\site-packages\playwright\async_api\_generated.py", line 7831, in wait_for_selector
    await self._impl_obj.wait_for_selector(
  File "D:\Program\kakaku-analyzer\venv\Lib\site-packages\playwright\_impl\_page.py", line 392, in wait_for_selector
    return await self._main_frame.wait_for_selector(**locals_to_params(locals()))
           ^^^^^^^^^^^^^^^^^^^^^^^^^^^^^^^^^^^^^^^^^^^^^^^^^^^^^^^^^^^^^^^^^^^^^^
  File "D:\Program\kakaku-analyzer\venv\Lib\site-packages\playwright\_impl\_frame.py", line 323, in wait_for_selector
    await self._channel.send("waitForSelector", locals_to_params(locals()))
  File "D:\Program\kakaku-analyzer\venv\Lib\site-packages\playwright\_impl\_connection.py", line 59, in send
    return await self._connection.wrap_api_call(
           ^^^^^^^^^^^^^^^^^^^^^^^^^^^^^^^^^^^^^
  File "D:\Program\kakaku-analyzer\venv\Lib\site-packages\playwright\_impl\_connection.py", line 514, in wrap_api_call
    raise rewrite_error(error, f"{parsed_st['apiName']}: {error}") from None
playwright._impl._errors.TimeoutError: Page.wait_for_selector: Timeout 10000ms exceeded.
Call log:
waiting for locator("table.spec_table") to be visible

2025-07-30 10:15:50,161 [INFO] ã‚¨ãƒ©ãƒ¼ç™ºç”Ÿæ™‚ã®ãƒšãƒ¼ã‚¸å†…å®¹ã‚’ 'error_page_kakaku.html' ã«ä¿å­˜ã—ã¾ã—ãŸã€‚
2025-07-30 10:15:50,209 [INFO] ä¾¡æ ¼.comã‹ã‚‰ 0 ä»¶ã®å•†å“æƒ…å ±ã‚’å–å¾—ã—ã¾ã—ãŸã€‚
2025-07-30 10:15:50,209 [INFO] å‡¦ç†ãŒå®Œäº†ã—ã€0 ä»¶ã®çµæœã‚’ãƒ†ãƒ³ãƒ—ãƒ¬ãƒ¼ãƒˆã«æ¸¡ã—ã¾ã™ã€‚
2025-07-30 10:15:50,209 [INFO] 127.0.0.1 - - [30/Jul/2025 10:15:50] "POST / HTTP/1.1" 200 -
2025-07-30 10:25:22,781 [INFO] 127.0.0.1 - - [30/Jul/2025 10:25:22] "GET / HTTP/1.1" 200 -
2025-07-30 10:25:28,659 [INFO] ==============================
2025-07-30 10:25:28,659 [INFO] POSTãƒªã‚¯ã‚¨ã‚¹ãƒˆã‚’å—ä¿¡ã—ã¾ã—ãŸã€‚
2025-07-30 10:25:28,659 [INFO] ãƒ•ã‚©ãƒ¼ãƒ ãƒ‡ãƒ¼ã‚¿: ã‚«ãƒ†ã‚´ãƒª='ã‚°ãƒ©ãƒ•ã‚£ãƒƒã‚¯ãƒœãƒ¼ãƒ‰', çµã‚Šè¾¼ã¿='', ä»¶æ•°=5, åˆ©ç›Šç‡=15%
2025-07-30 10:25:28,659 [INFO] éåŒæœŸæ¯”è¼ƒå‡¦ç†ã‚’å‘¼ã³å‡ºã—ã¾ã™...
2025-07-30 10:25:28,661 [INFO] éåŒæœŸæ¯”è¼ƒå‡¦ç†ã‚’é–‹å§‹ã—ã¾ã™ã€‚
2025-07-30 10:25:28,661 [INFO] scrape_kakaku_com: é–‹å§‹ã€‚ã‚«ãƒ†ã‚´ãƒª='ã‚°ãƒ©ãƒ•ã‚£ãƒƒã‚¯ãƒœãƒ¼ãƒ‰', çµã‚Šè¾¼ã¿=''
2025-07-30 10:25:28,661 [INFO] ä¾¡æ ¼.comæ¤œç´¢é–‹å§‹: URL='https://kakaku.com/pc/videocard/specsearch_0550/'
2025-07-30 10:25:29,122 [INFO] ã“ã‚Œã‹ã‚‰æ¬¡ã®URLã«ã‚¢ã‚¯ã‚»ã‚¹ã—ã¾ã™: https://kakaku.com/pc/videocard/specsearch_0550/
2025-07-30 10:25:29,122 [INFO] 1ãƒšãƒ¼ã‚¸ç›® (0/5ä»¶): https://kakaku.com/pc/videocard/specsearch_0550/
2025-07-30 10:25:48,937 [ERROR] ä¾¡æ ¼.comã®ã‚¹ã‚¯ãƒ¬ã‚¤ãƒ”ãƒ³ã‚°ã§è‡´å‘½çš„ãªã‚¨ãƒ©ãƒ¼ãŒç™ºç”Ÿ: Page.wait_for_selector: Timeout 10000ms exceeded.
Call log:
waiting for locator("table.spec_table") to be visible
Traceback (most recent call last):
  File "D:\Program\kakaku-analyzer\main.py", line 63, in scrape_kakaku_com
  File "D:\Program\kakaku-analyzer\venv\Lib\site-packages\playwright\async_api\_generated.py", line 7831, in wait_for_selector
    await self._impl_obj.wait_for_selector(
  File "D:\Program\kakaku-analyzer\venv\Lib\site-packages\playwright\_impl\_page.py", line 392, in wait_for_selector
    return await self._main_frame.wait_for_selector(**locals_to_params(locals()))
           ^^^^^^^^^^^^^^^^^^^^^^^^^^^^^^^^^^^^^^^^^^^^^^^^^^^^^^^^^^^^^^^^^^^^^^
  File "D:\Program\kakaku-analyzer\venv\Lib\site-packages\playwright\_impl\_frame.py", line 323, in wait_for_selector
    await self._channel.send("waitForSelector", locals_to_params(locals()))
  File "D:\Program\kakaku-analyzer\venv\Lib\site-packages\playwright\_impl\_connection.py", line 59, in send
    return await self._connection.wrap_api_call(
           ^^^^^^^^^^^^^^^^^^^^^^^^^^^^^^^^^^^^^
  File "D:\Program\kakaku-analyzer\venv\Lib\site-packages\playwright\_impl\_connection.py", line 514, in wrap_api_call
    raise rewrite_error(error, f"{parsed_st['apiName']}: {error}") from None
playwright._impl._errors.TimeoutError: Page.wait_for_selector: Timeout 10000ms exceeded.
Call log:
waiting for locator("table.spec_table") to be visible

2025-07-30 10:25:48,942 [INFO] ã‚¨ãƒ©ãƒ¼ç™ºç”Ÿæ™‚ã®ãƒšãƒ¼ã‚¸å†…å®¹ã‚’ 'error_page_kakaku.html' ã«ä¿å­˜ã—ã¾ã—ãŸã€‚
2025-07-30 10:25:49,032 [INFO] ä¾¡æ ¼.comã‹ã‚‰ 0 ä»¶ã®å•†å“æƒ…å ±ã‚’å–å¾—ã—ã¾ã—ãŸã€‚
2025-07-30 10:25:49,033 [INFO] å‡¦ç†ãŒå®Œäº†ã—ã€0 ä»¶ã®çµæœã‚’ãƒ†ãƒ³ãƒ—ãƒ¬ãƒ¼ãƒˆã«æ¸¡ã—ã¾ã™ã€‚
2025-07-30 10:25:49,033 [INFO] 127.0.0.1 - - [30/Jul/2025 10:25:49] "POST / HTTP/1.1" 200 -
2025-07-30 10:25:52,736 [INFO] ==============================
2025-07-30 10:25:52,736 [INFO] POSTãƒªã‚¯ã‚¨ã‚¹ãƒˆã‚’å—ä¿¡ã—ã¾ã—ãŸã€‚
2025-07-30 10:25:52,736 [INFO] ãƒ•ã‚©ãƒ¼ãƒ ãƒ‡ãƒ¼ã‚¿: ã‚«ãƒ†ã‚´ãƒª='ã‚°ãƒ©ãƒ•ã‚£ãƒƒã‚¯ãƒœãƒ¼ãƒ‰', çµã‚Šè¾¼ã¿='5070', ä»¶æ•°=5, åˆ©ç›Šç‡=15%
2025-07-30 10:25:52,736 [INFO] éåŒæœŸæ¯”è¼ƒå‡¦ç†ã‚’å‘¼ã³å‡ºã—ã¾ã™...
2025-07-30 10:25:52,737 [INFO] éåŒæœŸæ¯”è¼ƒå‡¦ç†ã‚’é–‹å§‹ã—ã¾ã™ã€‚
2025-07-30 10:25:52,737 [INFO] scrape_kakaku_com: é–‹å§‹ã€‚ã‚«ãƒ†ã‚´ãƒª='ã‚°ãƒ©ãƒ•ã‚£ãƒƒã‚¯ãƒœãƒ¼ãƒ‰', çµã‚Šè¾¼ã¿='5070'
2025-07-30 10:25:52,737 [INFO] ä¾¡æ ¼.comæ¤œç´¢é–‹å§‹: URL='https://kakaku.com/pc/videocard/specsearch_0550/'
2025-07-30 10:25:53,005 [INFO] ã“ã‚Œã‹ã‚‰æ¬¡ã®URLã«ã‚¢ã‚¯ã‚»ã‚¹ã—ã¾ã™: https://kakaku.com/pc/videocard/specsearch_0550/
2025-07-30 10:25:53,005 [INFO] 1ãƒšãƒ¼ã‚¸ç›® (0/5ä»¶): https://kakaku.com/pc/videocard/specsearch_0550/
2025-07-30 10:26:10,145 [ERROR] ä¾¡æ ¼.comã®ã‚¹ã‚¯ãƒ¬ã‚¤ãƒ”ãƒ³ã‚°ã§è‡´å‘½çš„ãªã‚¨ãƒ©ãƒ¼ãŒç™ºç”Ÿ: Page.wait_for_selector: Timeout 10000ms exceeded.
Call log:
waiting for locator("table.spec_table") to be visible
Traceback (most recent call last):
  File "D:\Program\kakaku-analyzer\main.py", line 63, in scrape_kakaku_com
  File "D:\Program\kakaku-analyzer\venv\Lib\site-packages\playwright\async_api\_generated.py", line 7831, in wait_for_selector
    await self._impl_obj.wait_for_selector(
  File "D:\Program\kakaku-analyzer\venv\Lib\site-packages\playwright\_impl\_page.py", line 392, in wait_for_selector
    return await self._main_frame.wait_for_selector(**locals_to_params(locals()))
           ^^^^^^^^^^^^^^^^^^^^^^^^^^^^^^^^^^^^^^^^^^^^^^^^^^^^^^^^^^^^^^^^^^^^^^
  File "D:\Program\kakaku-analyzer\venv\Lib\site-packages\playwright\_impl\_frame.py", line 323, in wait_for_selector
    await self._channel.send("waitForSelector", locals_to_params(locals()))
  File "D:\Program\kakaku-analyzer\venv\Lib\site-packages\playwright\_impl\_connection.py", line 59, in send
    return await self._connection.wrap_api_call(
           ^^^^^^^^^^^^^^^^^^^^^^^^^^^^^^^^^^^^^
  File "D:\Program\kakaku-analyzer\venv\Lib\site-packages\playwright\_impl\_connection.py", line 514, in wrap_api_call
    raise rewrite_error(error, f"{parsed_st['apiName']}: {error}") from None
playwright._impl._errors.TimeoutError: Page.wait_for_selector: Timeout 10000ms exceeded.
Call log:
waiting for locator("table.spec_table") to be visible

2025-07-30 10:26:10,150 [INFO] ã‚¨ãƒ©ãƒ¼ç™ºç”Ÿæ™‚ã®ãƒšãƒ¼ã‚¸å†…å®¹ã‚’ 'error_page_kakaku.html' ã«ä¿å­˜ã—ã¾ã—ãŸã€‚
2025-07-30 10:26:10,221 [INFO] ä¾¡æ ¼.comã‹ã‚‰ 0 ä»¶ã®å•†å“æƒ…å ±ã‚’å–å¾—ã—ã¾ã—ãŸã€‚
2025-07-30 10:26:10,221 [INFO] å‡¦ç†ãŒå®Œäº†ã—ã€0 ä»¶ã®çµæœã‚’ãƒ†ãƒ³ãƒ—ãƒ¬ãƒ¼ãƒˆã«æ¸¡ã—ã¾ã™ã€‚
2025-07-30 10:26:10,221 [INFO] 127.0.0.1 - - [30/Jul/2025 10:26:10] "POST / HTTP/1.1" 200 -
2025-07-30 10:52:20,783 [INFO] 127.0.0.1 - - [30/Jul/2025 10:52:20] "GET / HTTP/1.1" 200 -
2025-07-30 10:52:27,028 [INFO] ==============================
2025-07-30 10:52:27,028 [INFO] POSTãƒªã‚¯ã‚¨ã‚¹ãƒˆã‚’å—ä¿¡ã—ã¾ã—ãŸã€‚
2025-07-30 10:52:27,029 [INFO] ãƒ•ã‚©ãƒ¼ãƒ ãƒ‡ãƒ¼ã‚¿: ã‚«ãƒ†ã‚´ãƒª='ã‚°ãƒ©ãƒ•ã‚£ãƒƒã‚¯ãƒœãƒ¼ãƒ‰', çµã‚Šè¾¼ã¿='', ä»¶æ•°=5, åˆ©ç›Šç‡=15%
2025-07-30 10:52:27,029 [INFO] éåŒæœŸæ¯”è¼ƒå‡¦ç†ã‚’å‘¼ã³å‡ºã—ã¾ã™...
2025-07-30 10:52:27,031 [INFO] éåŒæœŸæ¯”è¼ƒå‡¦ç†ã‚’é–‹å§‹ã—ã¾ã™ã€‚
2025-07-30 10:52:27,031 [INFO] scrape_kakaku_com: é–‹å§‹ã€‚ã‚«ãƒ†ã‚´ãƒª='ã‚°ãƒ©ãƒ•ã‚£ãƒƒã‚¯ãƒœãƒ¼ãƒ‰', çµã‚Šè¾¼ã¿=''
2025-07-30 10:52:27,031 [INFO] ä¾¡æ ¼.comæ¤œç´¢é–‹å§‹: URL='https://kakaku.com/pc/videocard/specsearch_0550/'
2025-07-30 10:52:27,492 [INFO] ã“ã‚Œã‹ã‚‰æ¬¡ã®URLã«ã‚¢ã‚¯ã‚»ã‚¹ã—ã¾ã™: https://kakaku.com/pc/videocard/specsearch_0550/
2025-07-30 10:52:27,492 [INFO] 1ãƒšãƒ¼ã‚¸ç›® (0/5ä»¶): https://kakaku.com/pc/videocard/specsearch_0550/
2025-07-30 10:52:40,957 [ERROR] ä¾¡æ ¼.comã®ã‚¹ã‚¯ãƒ¬ã‚¤ãƒ”ãƒ³ã‚°ã§è‡´å‘½çš„ãªã‚¨ãƒ©ãƒ¼ãŒç™ºç”Ÿ: Page.wait_for_selector: Timeout 10000ms exceeded.
Call log:
waiting for locator("table.spec_table") to be visible
Traceback (most recent call last):
  File "D:\Program\kakaku-analyzer\main.py", line 63, in scrape_kakaku_com
    )
      
  File "D:\Program\kakaku-analyzer\venv\Lib\site-packages\playwright\async_api\_generated.py", line 7831, in wait_for_selector
    await self._impl_obj.wait_for_selector(
  File "D:\Program\kakaku-analyzer\venv\Lib\site-packages\playwright\_impl\_page.py", line 392, in wait_for_selector
    return await self._main_frame.wait_for_selector(**locals_to_params(locals()))
           ^^^^^^^^^^^^^^^^^^^^^^^^^^^^^^^^^^^^^^^^^^^^^^^^^^^^^^^^^^^^^^^^^^^^^^
  File "D:\Program\kakaku-analyzer\venv\Lib\site-packages\playwright\_impl\_frame.py", line 323, in wait_for_selector
    await self._channel.send("waitForSelector", locals_to_params(locals()))
  File "D:\Program\kakaku-analyzer\venv\Lib\site-packages\playwright\_impl\_connection.py", line 59, in send
    return await self._connection.wrap_api_call(
           ^^^^^^^^^^^^^^^^^^^^^^^^^^^^^^^^^^^^^
  File "D:\Program\kakaku-analyzer\venv\Lib\site-packages\playwright\_impl\_connection.py", line 514, in wrap_api_call
    raise rewrite_error(error, f"{parsed_st['apiName']}: {error}") from None
playwright._impl._errors.TimeoutError: Page.wait_for_selector: Timeout 10000ms exceeded.
Call log:
waiting for locator("table.spec_table") to be visible

2025-07-30 10:52:40,961 [INFO] ã‚¨ãƒ©ãƒ¼ç™ºç”Ÿæ™‚ã®ãƒšãƒ¼ã‚¸å†…å®¹ã‚’ 'error_page_kakaku.html' ã«ä¿å­˜ã—ã¾ã—ãŸã€‚
2025-07-30 10:52:41,035 [INFO] ä¾¡æ ¼.comã‹ã‚‰ 0 ä»¶ã®å•†å“æƒ…å ±ã‚’å–å¾—ã—ã¾ã—ãŸã€‚
2025-07-30 10:52:41,035 [INFO] å‡¦ç†ãŒå®Œäº†ã—ã€0 ä»¶ã®çµæœã‚’ãƒ†ãƒ³ãƒ—ãƒ¬ãƒ¼ãƒˆã«æ¸¡ã—ã¾ã™ã€‚
2025-07-30 10:52:41,035 [INFO] 127.0.0.1 - - [30/Jul/2025 10:52:41] "POST / HTTP/1.1" 200 -
2025-07-30 10:53:04,402 [INFO] 127.0.0.1 - - [30/Jul/2025 10:53:04] "GET / HTTP/1.1" 200 -
2025-07-30 10:53:13,304 [INFO] ==============================
2025-07-30 10:53:13,304 [INFO] POSTãƒªã‚¯ã‚¨ã‚¹ãƒˆã‚’å—ä¿¡ã—ã¾ã—ãŸã€‚
2025-07-30 10:53:13,304 [INFO] ãƒ•ã‚©ãƒ¼ãƒ ãƒ‡ãƒ¼ã‚¿: ã‚«ãƒ†ã‚´ãƒª='ãƒã‚¶ãƒ¼ãƒœãƒ¼ãƒ‰', çµã‚Šè¾¼ã¿='Z890', ä»¶æ•°=5, åˆ©ç›Šç‡=15%
2025-07-30 10:53:13,304 [INFO] éåŒæœŸæ¯”è¼ƒå‡¦ç†ã‚’å‘¼ã³å‡ºã—ã¾ã™...
2025-07-30 10:53:13,304 [INFO] éåŒæœŸæ¯”è¼ƒå‡¦ç†ã‚’é–‹å§‹ã—ã¾ã™ã€‚
2025-07-30 10:53:13,304 [INFO] scrape_kakaku_com: é–‹å§‹ã€‚ã‚«ãƒ†ã‚´ãƒª='ãƒã‚¶ãƒ¼ãƒœãƒ¼ãƒ‰', çµã‚Šè¾¼ã¿='Z890'
2025-07-30 10:53:13,304 [INFO] ä¾¡æ ¼.comæ¤œç´¢é–‹å§‹: URL='https://kakaku.com/pc/motherboard/specsearch_0540/'
2025-07-30 10:53:13,573 [INFO] ã“ã‚Œã‹ã‚‰æ¬¡ã®URLã«ã‚¢ã‚¯ã‚»ã‚¹ã—ã¾ã™: https://kakaku.com/pc/motherboard/specsearch_0540/
2025-07-30 10:53:13,573 [INFO] 1ãƒšãƒ¼ã‚¸ç›® (0/5ä»¶): https://kakaku.com/pc/motherboard/specsearch_0540/
2025-07-30 10:53:24,257 [ERROR] ä¾¡æ ¼.comã®ã‚¹ã‚¯ãƒ¬ã‚¤ãƒ”ãƒ³ã‚°ã§è‡´å‘½çš„ãªã‚¨ãƒ©ãƒ¼ãŒç™ºç”Ÿ: Page.wait_for_selector: Timeout 10000ms exceeded.
Call log:
waiting for locator("table.spec_table") to be visible
Traceback (most recent call last):
  File "D:\Program\kakaku-analyzer\main.py", line 63, in scrape_kakaku_com
    )
      
  File "D:\Program\kakaku-analyzer\venv\Lib\site-packages\playwright\async_api\_generated.py", line 7831, in wait_for_selector
    await self._impl_obj.wait_for_selector(
  File "D:\Program\kakaku-analyzer\venv\Lib\site-packages\playwright\_impl\_page.py", line 392, in wait_for_selector
    return await self._main_frame.wait_for_selector(**locals_to_params(locals()))
           ^^^^^^^^^^^^^^^^^^^^^^^^^^^^^^^^^^^^^^^^^^^^^^^^^^^^^^^^^^^^^^^^^^^^^^
  File "D:\Program\kakaku-analyzer\venv\Lib\site-packages\playwright\_impl\_frame.py", line 323, in wait_for_selector
    await self._channel.send("waitForSelector", locals_to_params(locals()))
  File "D:\Program\kakaku-analyzer\venv\Lib\site-packages\playwright\_impl\_connection.py", line 59, in send
    return await self._connection.wrap_api_call(
           ^^^^^^^^^^^^^^^^^^^^^^^^^^^^^^^^^^^^^
  File "D:\Program\kakaku-analyzer\venv\Lib\site-packages\playwright\_impl\_connection.py", line 514, in wrap_api_call
    raise rewrite_error(error, f"{parsed_st['apiName']}: {error}") from None
playwright._impl._errors.TimeoutError: Page.wait_for_selector: Timeout 10000ms exceeded.
Call log:
waiting for locator("table.spec_table") to be visible

2025-07-30 10:53:24,263 [INFO] ã‚¨ãƒ©ãƒ¼ç™ºç”Ÿæ™‚ã®ãƒšãƒ¼ã‚¸å†…å®¹ã‚’ 'error_page_kakaku.html' ã«ä¿å­˜ã—ã¾ã—ãŸã€‚
2025-07-30 10:53:24,332 [INFO] ä¾¡æ ¼.comã‹ã‚‰ 0 ä»¶ã®å•†å“æƒ…å ±ã‚’å–å¾—ã—ã¾ã—ãŸã€‚
2025-07-30 10:53:24,332 [INFO] å‡¦ç†ãŒå®Œäº†ã—ã€0 ä»¶ã®çµæœã‚’ãƒ†ãƒ³ãƒ—ãƒ¬ãƒ¼ãƒˆã«æ¸¡ã—ã¾ã™ã€‚
2025-07-30 10:53:24,333 [INFO] 127.0.0.1 - - [30/Jul/2025 10:53:24] "POST / HTTP/1.1" 200 -
2025-07-30 11:05:32,704 [INFO] 127.0.0.1 - - [30/Jul/2025 11:05:32] "GET / HTTP/1.1" 200 -
2025-07-30 11:05:36,202 [INFO] ==============================
2025-07-30 11:05:36,202 [INFO] POSTãƒªã‚¯ã‚¨ã‚¹ãƒˆã‚’å—ä¿¡ã—ã¾ã—ãŸã€‚
2025-07-30 11:05:36,203 [INFO] ãƒ•ã‚©ãƒ¼ãƒ ãƒ‡ãƒ¼ã‚¿: ã‚«ãƒ†ã‚´ãƒª='ã‚°ãƒ©ãƒ•ã‚£ãƒƒã‚¯ãƒœãƒ¼ãƒ‰', çµã‚Šè¾¼ã¿='', ä»¶æ•°=5, åˆ©ç›Šç‡=15%
2025-07-30 11:05:36,203 [INFO] éåŒæœŸæ¯”è¼ƒå‡¦ç†ã‚’å‘¼ã³å‡ºã—ã¾ã™...
2025-07-30 11:05:36,203 [INFO] éåŒæœŸæ¯”è¼ƒå‡¦ç†ã‚’é–‹å§‹ã—ã¾ã™ã€‚
2025-07-30 11:05:36,203 [INFO] scrape_kakaku_com: é–‹å§‹ã€‚ã‚«ãƒ†ã‚´ãƒª='ã‚°ãƒ©ãƒ•ã‚£ãƒƒã‚¯ãƒœãƒ¼ãƒ‰', çµã‚Šè¾¼ã¿=''
2025-07-30 11:05:36,203 [INFO] ä¾¡æ ¼.comæ¤œç´¢é–‹å§‹: URL='https://kakaku.com/pc/videocard/specsearch_0550/'
2025-07-30 11:05:36,650 [INFO] ã“ã‚Œã‹ã‚‰æ¬¡ã®URLã«ã‚¢ã‚¯ã‚»ã‚¹ã—ã¾ã™: https://kakaku.com/pc/videocard/specsearch_0550/
2025-07-30 11:05:36,650 [INFO] 1ãƒšãƒ¼ã‚¸ç›® (0/5ä»¶): https://kakaku.com/pc/videocard/specsearch_0550/
2025-07-30 11:05:50,080 [ERROR] ä¾¡æ ¼.comã®ã‚¹ã‚¯ãƒ¬ã‚¤ãƒ”ãƒ³ã‚°ã§è‡´å‘½çš„ãªã‚¨ãƒ©ãƒ¼ãŒç™ºç”Ÿ: Page.wait_for_selector: Timeout 10000ms exceeded.
Call log:
waiting for locator("table.spec_table") to be visible
Traceback (most recent call last):
  File "D:\Program\kakaku-analyzer\main.py", line 63, in scrape_kakaku_com
    EC.element_to_be_clickable((By.LINK_TEXT, "ã‚¹ãƒšãƒƒã‚¯æ¤œç´¢"))
        ^^^^^^^^^^^^^^^^^^^^^^^^^^^^^^^^^^^^^^^^^^^^^^^^^^^^^^^
  File "D:\Program\kakaku-analyzer\venv\Lib\site-packages\playwright\async_api\_generated.py", line 7831, in wait_for_selector
    await self._impl_obj.wait_for_selector(
  File "D:\Program\kakaku-analyzer\venv\Lib\site-packages\playwright\_impl\_page.py", line 392, in wait_for_selector
    return await self._main_frame.wait_for_selector(**locals_to_params(locals()))
           ^^^^^^^^^^^^^^^^^^^^^^^^^^^^^^^^^^^^^^^^^^^^^^^^^^^^^^^^^^^^^^^^^^^^^^
  File "D:\Program\kakaku-analyzer\venv\Lib\site-packages\playwright\_impl\_frame.py", line 323, in wait_for_selector
    await self._channel.send("waitForSelector", locals_to_params(locals()))
  File "D:\Program\kakaku-analyzer\venv\Lib\site-packages\playwright\_impl\_connection.py", line 59, in send
    return await self._connection.wrap_api_call(
           ^^^^^^^^^^^^^^^^^^^^^^^^^^^^^^^^^^^^^
  File "D:\Program\kakaku-analyzer\venv\Lib\site-packages\playwright\_impl\_connection.py", line 514, in wrap_api_call
    raise rewrite_error(error, f"{parsed_st['apiName']}: {error}") from None
playwright._impl._errors.TimeoutError: Page.wait_for_selector: Timeout 10000ms exceeded.
Call log:
waiting for locator("table.spec_table") to be visible

2025-07-30 11:05:50,087 [INFO] ã‚¨ãƒ©ãƒ¼ç™ºç”Ÿæ™‚ã®ãƒšãƒ¼ã‚¸å†…å®¹ã‚’ 'error_page_kakaku.html' ã«ä¿å­˜ã—ã¾ã—ãŸã€‚
2025-07-30 11:05:50,178 [INFO] ä¾¡æ ¼.comã‹ã‚‰ 0 ä»¶ã®å•†å“æƒ…å ±ã‚’å–å¾—ã—ã¾ã—ãŸã€‚
2025-07-30 11:05:50,179 [INFO] å‡¦ç†ãŒå®Œäº†ã—ã€0 ä»¶ã®çµæœã‚’ãƒ†ãƒ³ãƒ—ãƒ¬ãƒ¼ãƒˆã«æ¸¡ã—ã¾ã™ã€‚
2025-07-30 11:05:50,179 [INFO] 127.0.0.1 - - [30/Jul/2025 11:05:50] "POST / HTTP/1.1" 200 -
2025-07-30 11:06:01,407 [INFO] ==============================
2025-07-30 11:06:01,408 [INFO] POSTãƒªã‚¯ã‚¨ã‚¹ãƒˆã‚’å—ä¿¡ã—ã¾ã—ãŸã€‚
2025-07-30 11:06:01,408 [INFO] ãƒ•ã‚©ãƒ¼ãƒ ãƒ‡ãƒ¼ã‚¿: ã‚«ãƒ†ã‚´ãƒª='ã‚°ãƒ©ãƒ•ã‚£ãƒƒã‚¯ãƒœãƒ¼ãƒ‰', çµã‚Šè¾¼ã¿='5070', ä»¶æ•°=5, åˆ©ç›Šç‡=15%
2025-07-30 11:06:01,408 [INFO] éåŒæœŸæ¯”è¼ƒå‡¦ç†ã‚’å‘¼ã³å‡ºã—ã¾ã™...
2025-07-30 11:06:01,408 [INFO] éåŒæœŸæ¯”è¼ƒå‡¦ç†ã‚’é–‹å§‹ã—ã¾ã™ã€‚
2025-07-30 11:06:01,408 [INFO] scrape_kakaku_com: é–‹å§‹ã€‚ã‚«ãƒ†ã‚´ãƒª='ã‚°ãƒ©ãƒ•ã‚£ãƒƒã‚¯ãƒœãƒ¼ãƒ‰', çµã‚Šè¾¼ã¿='5070'
2025-07-30 11:06:01,408 [INFO] ä¾¡æ ¼.comæ¤œç´¢é–‹å§‹: URL='https://kakaku.com/pc/videocard/specsearch_0550/'
2025-07-30 11:06:01,665 [INFO] ã“ã‚Œã‹ã‚‰æ¬¡ã®URLã«ã‚¢ã‚¯ã‚»ã‚¹ã—ã¾ã™: https://kakaku.com/pc/videocard/specsearch_0550/
2025-07-30 11:06:01,665 [INFO] 1ãƒšãƒ¼ã‚¸ç›® (0/5ä»¶): https://kakaku.com/pc/videocard/specsearch_0550/
2025-07-30 11:06:12,395 [ERROR] ä¾¡æ ¼.comã®ã‚¹ã‚¯ãƒ¬ã‚¤ãƒ”ãƒ³ã‚°ã§è‡´å‘½çš„ãªã‚¨ãƒ©ãƒ¼ãŒç™ºç”Ÿ: Page.wait_for_selector: Timeout 10000ms exceeded.
Call log:
waiting for locator("table.spec_table") to be visible
Traceback (most recent call last):
  File "D:\Program\kakaku-analyzer\main.py", line 63, in scrape_kakaku_com
    EC.element_to_be_clickable((By.LINK_TEXT, "ã‚¹ãƒšãƒƒã‚¯æ¤œç´¢"))
        ^^^^^^^^^^^^^^^^^^^^^^^^^^^^^^^^^^^^^^^^^^^^^^^^^^^^^^^
  File "D:\Program\kakaku-analyzer\venv\Lib\site-packages\playwright\async_api\_generated.py", line 7831, in wait_for_selector
    await self._impl_obj.wait_for_selector(
  File "D:\Program\kakaku-analyzer\venv\Lib\site-packages\playwright\_impl\_page.py", line 392, in wait_for_selector
    return await self._main_frame.wait_for_selector(**locals_to_params(locals()))
           ^^^^^^^^^^^^^^^^^^^^^^^^^^^^^^^^^^^^^^^^^^^^^^^^^^^^^^^^^^^^^^^^^^^^^^
  File "D:\Program\kakaku-analyzer\venv\Lib\site-packages\playwright\_impl\_frame.py", line 323, in wait_for_selector
    await self._channel.send("waitForSelector", locals_to_params(locals()))
  File "D:\Program\kakaku-analyzer\venv\Lib\site-packages\playwright\_impl\_connection.py", line 59, in send
    return await self._connection.wrap_api_call(
           ^^^^^^^^^^^^^^^^^^^^^^^^^^^^^^^^^^^^^
  File "D:\Program\kakaku-analyzer\venv\Lib\site-packages\playwright\_impl\_connection.py", line 514, in wrap_api_call
    raise rewrite_error(error, f"{parsed_st['apiName']}: {error}") from None
playwright._impl._errors.TimeoutError: Page.wait_for_selector: Timeout 10000ms exceeded.
Call log:
waiting for locator("table.spec_table") to be visible

2025-07-30 11:06:12,401 [INFO] ã‚¨ãƒ©ãƒ¼ç™ºç”Ÿæ™‚ã®ãƒšãƒ¼ã‚¸å†…å®¹ã‚’ 'error_page_kakaku.html' ã«ä¿å­˜ã—ã¾ã—ãŸã€‚
2025-07-30 11:06:12,470 [INFO] ä¾¡æ ¼.comã‹ã‚‰ 0 ä»¶ã®å•†å“æƒ…å ±ã‚’å–å¾—ã—ã¾ã—ãŸã€‚
2025-07-30 11:06:12,471 [INFO] å‡¦ç†ãŒå®Œäº†ã—ã€0 ä»¶ã®çµæœã‚’ãƒ†ãƒ³ãƒ—ãƒ¬ãƒ¼ãƒˆã«æ¸¡ã—ã¾ã™ã€‚
2025-07-30 11:06:12,471 [INFO] 127.0.0.1 - - [30/Jul/2025 11:06:12] "POST / HTTP/1.1" 200 -
